<?xml version="1.0" encoding="UTF-8"?>
<!-- Generated by org.testng.reporters.JUnitReportReporter -->
<testsuite hostname="ASHISH-HP" name="org.freecrm.logout.LogoutTest" tests="1" failures="0" timestamp="5 Nov 2021 13:07:23 GMT" time="1.024" errors="0">
  <testcase name="performLogout" time="1.024" classname="org.freecrm.logout.LogoutTest"/>
</testsuite> <!-- org.freecrm.logout.LogoutTest -->
