<?xml version="1.0" encoding="UTF-8"?>
<!-- Generated by org.testng.reporters.JUnitReportReporter -->
<testsuite skipped="0" hostname="ASHISH-HP" name="org.freecrm.logout.LogoutTest" tests="1" failures="0" timestamp="05 Nov 2021 13:06:45 GMT" time="0.699" errors="0">
  <testcase name="performLogout" time="0.699" classname="org.freecrm.logout.LogoutTest"/>
</testsuite> <!-- org.freecrm.logout.LogoutTest -->
